Arguments: 
  /usr/local/bin/node /usr/local/bin/yarn add gulp gulp-sass --dev

PATH: 
  /Library/Frameworks/Python.framework/Versions/3.6/bin:/usr/local/bin:/usr/bin:/bin:/usr/sbin:/sbin:/usr/local/share/dotnet

Yarn version: 
  0.18.1

Node version: 
  7.7.4

Platform: 
  darwin x64

npm manifest: 
  {
    "devDependencies": {
      "baseweb": "^2.4.10"
    }
  }

yarn manifest: 
  No manifest

Lockfile: 
  # THIS IS AN AUTOGENERATED FILE. DO NOT EDIT THIS FILE DIRECTLY.
  # yarn lockfile v1
  
  
  baseweb@^2.4.10:
    version "2.4.10"
    resolved "https://registry.yarnpkg.com/baseweb/-/baseweb-2.4.10.tgz#218bac88c27b81b446f6cc66aaea5c2abe780d5d"
    dependencies:
      jquery "^3.2.1"
  
  jquery@^3.2.1:
    version "3.2.1"
    resolved "https://registry.yarnpkg.com/jquery/-/jquery-3.2.1.tgz#5c4d9de652af6cd0a770154a631bba12b015c787"

Trace: 
  Error: connect ETIMEDOUT 104.16.60.173:443
      at Object.exports._errnoException (util.js:1034:11)
      at exports._exceptionWithHostPort (util.js:1057:20)
      at TCPConnectWrap.afterConnect [as oncomplete] (net.js:1099:14)
